2024-11-19T00:01:17.351+03:00  INFO 13240 --- [VacanciesAndResumes] [main] c.e.V.VacanciesAndResumesApplication     : Starting VacanciesAndResumesApplication using Java 23 with PID 13240 (C:\programs\JavaProjects\VacanciesAndResumes\target\classes started by User in C:\programs\JavaProjects\VacanciesAndResumes)
2024-11-19T00:01:17.369+03:00  INFO 13240 --- [VacanciesAndResumes] [main] c.e.V.VacanciesAndResumesApplication     : No active profile set, falling back to 1 default profile: "default"
2024-11-19T00:01:18.228+03:00  INFO 13240 --- [VacanciesAndResumes] [main] .s.d.r.c.RepositoryConfigurationDelegate : Bootstrapping Spring Data JPA repositories in DEFAULT mode.
2024-11-19T00:01:18.354+03:00  INFO 13240 --- [VacanciesAndResumes] [main] .s.d.r.c.RepositoryConfigurationDelegate : Finished Spring Data repository scanning in 115 ms. Found 15 JPA repository interfaces.
2024-11-19T00:01:19.046+03:00  INFO 13240 --- [VacanciesAndResumes] [main] o.s.b.w.embedded.tomcat.TomcatWebServer  : Tomcat initialized with port 8084 (http)
2024-11-19T00:01:19.063+03:00  INFO 13240 --- [VacanciesAndResumes] [main] o.apache.catalina.core.StandardService   : Starting service [Tomcat]
2024-11-19T00:01:19.064+03:00  INFO 13240 --- [VacanciesAndResumes] [main] o.apache.catalina.core.StandardEngine    : Starting Servlet engine: [Apache Tomcat/10.1.30]
2024-11-19T00:01:19.134+03:00  INFO 13240 --- [VacanciesAndResumes] [main] o.a.c.c.C.[Tomcat].[localhost].[/]       : Initializing Spring embedded WebApplicationContext
2024-11-19T00:01:19.135+03:00  INFO 13240 --- [VacanciesAndResumes] [main] w.s.c.ServletWebServerApplicationContext : Root WebApplicationContext: initialization completed in 1676 ms
2024-11-19T00:01:19.316+03:00  INFO 13240 --- [VacanciesAndResumes] [main] com.zaxxer.hikari.HikariDataSource       : HikariPool-1 - Starting...
2024-11-19T00:01:19.533+03:00  INFO 13240 --- [VacanciesAndResumes] [main] com.zaxxer.hikari.pool.HikariPool        : HikariPool-1 - Added connection org.postgresql.jdbc.PgConnection@47a7c93e
2024-11-19T00:01:19.535+03:00  INFO 13240 --- [VacanciesAndResumes] [main] com.zaxxer.hikari.HikariDataSource       : HikariPool-1 - Start completed.
2024-11-19T00:01:19.701+03:00  INFO 13240 --- [VacanciesAndResumes] [main] liquibase.database                       : Set default schema name to public
2024-11-19T00:01:20.090+03:00  INFO 13240 --- [VacanciesAndResumes] [main] liquibase.changelog                      : Reading resource: db/changelog/v1/v1-001-create-table-candidate.xml
2024-11-19T00:01:20.280+03:00  INFO 13240 --- [VacanciesAndResumes] [main] liquibase.changelog                      : Reading resource: db/changelog/v1/v1-002-create-table-education.xml
2024-11-19T00:01:20.311+03:00  INFO 13240 --- [VacanciesAndResumes] [main] liquibase.changelog                      : Reading resource: db/changelog/v1/v1-003-create-table-contact.xml
2024-11-19T00:01:20.331+03:00  INFO 13240 --- [VacanciesAndResumes] [main] liquibase.changelog                      : Reading resource: db/changelog/v1/v1-004-create-table-document.xml
2024-11-19T00:01:20.362+03:00  INFO 13240 --- [VacanciesAndResumes] [main] liquibase.changelog                      : Reading resource: db/changelog/v1/v1-005-create-table-language.xml
2024-11-19T00:01:20.389+03:00  INFO 13240 --- [VacanciesAndResumes] [main] liquibase.changelog                      : Reading resource: db/changelog/v1/v1-006-create-table-certificate-qualification.xml
2024-11-19T00:01:20.400+03:00  INFO 13240 --- [VacanciesAndResumes] [main] liquibase.changelog                      : Reading resource: db/changelog/v1/v1-007-create-table-specialization.xml
2024-11-19T00:01:20.432+03:00  INFO 13240 --- [VacanciesAndResumes] [main] liquibase.changelog                      : Reading resource: db/changelog/v1/v1-008-create-table-work_experience.xml
2024-11-19T00:01:20.447+03:00  INFO 13240 --- [VacanciesAndResumes] [main] liquibase.changelog                      : Reading resource: db/changelog/v1/v1-009-create-table-key_skill.xml
2024-11-19T00:01:20.460+03:00  INFO 13240 --- [VacanciesAndResumes] [main] liquibase.changelog                      : Reading resource: db/changelog/v1/v1-010-create-table-candidates_key_skills.xml
2024-11-19T00:01:20.470+03:00  INFO 13240 --- [VacanciesAndResumes] [main] liquibase.changelog                      : Reading resource: db/changelog/v1/v1-011-create-table-employment.xml
2024-11-19T00:01:20.486+03:00  INFO 13240 --- [VacanciesAndResumes] [main] liquibase.changelog                      : Reading resource: db/changelog/v1/v1-012-create-table-employments_candidates.xml
2024-11-19T00:01:20.500+03:00  INFO 13240 --- [VacanciesAndResumes] [main] liquibase.changelog                      : Reading resource: db/changelog/v1/v1-013-create-table-handbook.xml
2024-11-19T00:01:20.516+03:00  INFO 13240 --- [VacanciesAndResumes] [main] liquibase.changelog                      : Reading resource: db/changelog/v1/v1-014-create-table-customer.xml
2024-11-19T00:01:20.532+03:00  INFO 13240 --- [VacanciesAndResumes] [main] liquibase.changelog                      : Reading resource: db/changelog/v1/v1-015-create-table-vacancy.xml
2024-11-19T00:01:20.558+03:00  INFO 13240 --- [VacanciesAndResumes] [main] liquibase.changelog                      : Reading resource: db/changelog/v1/v1-016-create-table-employee.xml
2024-11-19T00:01:20.580+03:00  INFO 13240 --- [VacanciesAndResumes] [main] liquibase.changelog                      : Reading resource: db/changelog/v1/v1-018-create-table-comment_vacancy.xml
2024-11-19T00:01:20.673+03:00  INFO 13240 --- [VacanciesAndResumes] [main] liquibase.changelog                      : Reading from public.databasechangelog
2024-11-19T00:01:20.776+03:00  INFO 13240 --- [VacanciesAndResumes] [main] liquibase.ui                             : Database is up to date, no changesets to execute
2024-11-19T00:01:20.778+03:00  INFO 13240 --- [VacanciesAndResumes] [main] liquibase.changelog                      : Reading from public.databasechangelog
2024-11-19T00:01:20.788+03:00  INFO 13240 --- [VacanciesAndResumes] [main] liquibase.util                           : UPDATE SUMMARY
2024-11-19T00:01:20.788+03:00  INFO 13240 --- [VacanciesAndResumes] [main] liquibase.util                           : Run:                          0
2024-11-19T00:01:20.788+03:00  INFO 13240 --- [VacanciesAndResumes] [main] liquibase.util                           : Previously run:              17
2024-11-19T00:01:20.789+03:00  INFO 13240 --- [VacanciesAndResumes] [main] liquibase.util                           : Filtered out:                 0
2024-11-19T00:01:20.789+03:00  INFO 13240 --- [VacanciesAndResumes] [main] liquibase.util                           : -------------------------------
2024-11-19T00:01:20.789+03:00  INFO 13240 --- [VacanciesAndResumes] [main] liquibase.util                           : Total change sets:           17
2024-11-19T00:01:20.790+03:00  INFO 13240 --- [VacanciesAndResumes] [main] liquibase.util                           : Update summary generated
2024-11-19T00:01:20.791+03:00  INFO 13240 --- [VacanciesAndResumes] [main] liquibase.command                        : Command execution complete
2024-11-19T00:01:20.885+03:00  INFO 13240 --- [VacanciesAndResumes] [main] o.hibernate.jpa.internal.util.LogHelper  : HHH000204: Processing PersistenceUnitInfo [name: default]
2024-11-19T00:01:20.950+03:00  INFO 13240 --- [VacanciesAndResumes] [main] org.hibernate.Version                    : HHH000412: Hibernate ORM core version 6.5.3.Final
2024-11-19T00:01:21.003+03:00  INFO 13240 --- [VacanciesAndResumes] [main] o.h.c.internal.RegionFactoryInitiator    : HHH000026: Second-level cache disabled
2024-11-19T00:01:21.373+03:00  INFO 13240 --- [VacanciesAndResumes] [main] o.s.o.j.p.SpringPersistenceUnitInfo      : No LoadTimeWeaver setup: ignoring JPA class transformer
2024-11-19T00:01:21.428+03:00  WARN 13240 --- [VacanciesAndResumes] [main] org.hibernate.orm.deprecation            : HHH90000025: PostgreSQLDialect does not need to be specified explicitly using 'hibernate.dialect' (remove the property setting and it will be selected by default)
2024-11-19T00:01:22.693+03:00  INFO 13240 --- [VacanciesAndResumes] [main] o.h.e.t.j.p.i.JtaPlatformInitiator       : HHH000489: No JTA platform available (set 'hibernate.transaction.jta.platform' to enable JTA platform integration)
2024-11-19T00:01:22.713+03:00  WARN 13240 --- [VacanciesAndResumes] [main] o.h.engine.jdbc.spi.SqlExceptionHelper   : SQL Warning Code: 0, SQLState: 00000
2024-11-19T00:01:22.713+03:00  WARN 13240 --- [VacanciesAndResumes] [main] o.h.engine.jdbc.spi.SqlExceptionHelper   : отношение "certificates_qualification" не существует, пропускается
2024-11-19T00:01:22.714+03:00  WARN 13240 --- [VacanciesAndResumes] [main] o.h.engine.jdbc.spi.SqlExceptionHelper   : SQL Warning Code: 0, SQLState: 00000
2024-11-19T00:01:22.715+03:00  WARN 13240 --- [VacanciesAndResumes] [main] o.h.engine.jdbc.spi.SqlExceptionHelper   : отношение "comment_vacancy" не существует, пропускается
2024-11-19T00:01:22.716+03:00  WARN 13240 --- [VacanciesAndResumes] [main] o.h.engine.jdbc.spi.SqlExceptionHelper   : SQL Warning Code: 0, SQLState: 00000
2024-11-19T00:01:22.716+03:00  WARN 13240 --- [VacanciesAndResumes] [main] o.h.engine.jdbc.spi.SqlExceptionHelper   : отношение "comment_vacancy" не существует, пропускается
2024-11-19T00:01:22.717+03:00  WARN 13240 --- [VacanciesAndResumes] [main] o.h.engine.jdbc.spi.SqlExceptionHelper   : SQL Warning Code: 0, SQLState: 00000
2024-11-19T00:01:22.717+03:00  WARN 13240 --- [VacanciesAndResumes] [main] o.h.engine.jdbc.spi.SqlExceptionHelper   : отношение "contact" не существует, пропускается
2024-11-19T00:01:22.717+03:00  WARN 13240 --- [VacanciesAndResumes] [main] o.h.engine.jdbc.spi.SqlExceptionHelper   : SQL Warning Code: 0, SQLState: 00000
2024-11-19T00:01:22.718+03:00  WARN 13240 --- [VacanciesAndResumes] [main] o.h.engine.jdbc.spi.SqlExceptionHelper   : отношение "education" не существует, пропускается
2024-11-19T00:01:22.718+03:00  WARN 13240 --- [VacanciesAndResumes] [main] o.h.engine.jdbc.spi.SqlExceptionHelper   : SQL Warning Code: 0, SQLState: 00000
2024-11-19T00:01:22.719+03:00  WARN 13240 --- [VacanciesAndResumes] [main] o.h.engine.jdbc.spi.SqlExceptionHelper   : отношение "employment_candidates" не существует, пропускается
2024-11-19T00:01:22.719+03:00  WARN 13240 --- [VacanciesAndResumes] [main] o.h.engine.jdbc.spi.SqlExceptionHelper   : SQL Warning Code: 0, SQLState: 00000
2024-11-19T00:01:22.719+03:00  WARN 13240 --- [VacanciesAndResumes] [main] o.h.engine.jdbc.spi.SqlExceptionHelper   : отношение "employment_candidates" не существует, пропускается
2024-11-19T00:01:22.720+03:00  WARN 13240 --- [VacanciesAndResumes] [main] o.h.engine.jdbc.spi.SqlExceptionHelper   : SQL Warning Code: 0, SQLState: 00000
2024-11-19T00:01:22.720+03:00  WARN 13240 --- [VacanciesAndResumes] [main] o.h.engine.jdbc.spi.SqlExceptionHelper   : отношение "key_skill_candidates" не существует, пропускается
2024-11-19T00:01:22.721+03:00  WARN 13240 --- [VacanciesAndResumes] [main] o.h.engine.jdbc.spi.SqlExceptionHelper   : SQL Warning Code: 0, SQLState: 00000
2024-11-19T00:01:22.722+03:00  WARN 13240 --- [VacanciesAndResumes] [main] o.h.engine.jdbc.spi.SqlExceptionHelper   : отношение "key_skill_candidates" не существует, пропускается
2024-11-19T00:01:22.722+03:00  WARN 13240 --- [VacanciesAndResumes] [main] o.h.engine.jdbc.spi.SqlExceptionHelper   : SQL Warning Code: 0, SQLState: 00000
2024-11-19T00:01:22.723+03:00  WARN 13240 --- [VacanciesAndResumes] [main] o.h.engine.jdbc.spi.SqlExceptionHelper   : отношение "specialization" не существует, пропускается
2024-11-19T00:01:22.724+03:00  WARN 13240 --- [VacanciesAndResumes] [main] o.h.engine.jdbc.spi.SqlExceptionHelper   : SQL Warning Code: 0, SQLState: 00000
2024-11-19T00:01:22.724+03:00  WARN 13240 --- [VacanciesAndResumes] [main] o.h.engine.jdbc.spi.SqlExceptionHelper   : отношение "tb_document" не существует, пропускается
2024-11-19T00:01:22.725+03:00  WARN 13240 --- [VacanciesAndResumes] [main] o.h.engine.jdbc.spi.SqlExceptionHelper   : SQL Warning Code: 0, SQLState: 00000
2024-11-19T00:01:22.725+03:00  WARN 13240 --- [VacanciesAndResumes] [main] o.h.engine.jdbc.spi.SqlExceptionHelper   : отношение "tb_language" не существует, пропускается
2024-11-19T00:01:22.726+03:00  WARN 13240 --- [VacanciesAndResumes] [main] o.h.engine.jdbc.spi.SqlExceptionHelper   : SQL Warning Code: 0, SQLState: 00000
2024-11-19T00:01:22.726+03:00  WARN 13240 --- [VacanciesAndResumes] [main] o.h.engine.jdbc.spi.SqlExceptionHelper   : отношение "vacancy" не существует, пропускается
2024-11-19T00:01:22.726+03:00  WARN 13240 --- [VacanciesAndResumes] [main] o.h.engine.jdbc.spi.SqlExceptionHelper   : SQL Warning Code: 0, SQLState: 00000
2024-11-19T00:01:22.727+03:00  WARN 13240 --- [VacanciesAndResumes] [main] o.h.engine.jdbc.spi.SqlExceptionHelper   : отношение "work_experience" не существует, пропускается
2024-11-19T00:01:22.728+03:00  WARN 13240 --- [VacanciesAndResumes] [main] o.h.engine.jdbc.spi.SqlExceptionHelper   : SQL Warning Code: 0, SQLState: 00000
2024-11-19T00:01:22.728+03:00  WARN 13240 --- [VacanciesAndResumes] [main] o.h.engine.jdbc.spi.SqlExceptionHelper   : таблица "candidate" не существует, пропускается
2024-11-19T00:01:22.728+03:00  WARN 13240 --- [VacanciesAndResumes] [main] o.h.engine.jdbc.spi.SqlExceptionHelper   : SQL Warning Code: 0, SQLState: 00000
2024-11-19T00:01:22.729+03:00  WARN 13240 --- [VacanciesAndResumes] [main] o.h.engine.jdbc.spi.SqlExceptionHelper   : таблица "certificates_qualification" не существует, пропускается
2024-11-19T00:01:22.730+03:00  WARN 13240 --- [VacanciesAndResumes] [main] o.h.engine.jdbc.spi.SqlExceptionHelper   : SQL Warning Code: 0, SQLState: 00000
2024-11-19T00:01:22.730+03:00  WARN 13240 --- [VacanciesAndResumes] [main] o.h.engine.jdbc.spi.SqlExceptionHelper   : таблица "comment_vacancy" не существует, пропускается
2024-11-19T00:01:22.731+03:00  WARN 13240 --- [VacanciesAndResumes] [main] o.h.engine.jdbc.spi.SqlExceptionHelper   : SQL Warning Code: 0, SQLState: 00000
2024-11-19T00:01:22.731+03:00  WARN 13240 --- [VacanciesAndResumes] [main] o.h.engine.jdbc.spi.SqlExceptionHelper   : таблица "contact" не существует, пропускается
2024-11-19T00:01:22.732+03:00  WARN 13240 --- [VacanciesAndResumes] [main] o.h.engine.jdbc.spi.SqlExceptionHelper   : SQL Warning Code: 0, SQLState: 00000
2024-11-19T00:01:22.732+03:00  WARN 13240 --- [VacanciesAndResumes] [main] o.h.engine.jdbc.spi.SqlExceptionHelper   : таблица "customer" не существует, пропускается
2024-11-19T00:01:22.733+03:00  WARN 13240 --- [VacanciesAndResumes] [main] o.h.engine.jdbc.spi.SqlExceptionHelper   : SQL Warning Code: 0, SQLState: 00000
2024-11-19T00:01:22.733+03:00  WARN 13240 --- [VacanciesAndResumes] [main] o.h.engine.jdbc.spi.SqlExceptionHelper   : таблица "education" не существует, пропускается
2024-11-19T00:01:22.734+03:00  WARN 13240 --- [VacanciesAndResumes] [main] o.h.engine.jdbc.spi.SqlExceptionHelper   : SQL Warning Code: 0, SQLState: 00000
2024-11-19T00:01:22.734+03:00  WARN 13240 --- [VacanciesAndResumes] [main] o.h.engine.jdbc.spi.SqlExceptionHelper   : таблица "employee" не существует, пропускается
2024-11-19T00:01:22.735+03:00  WARN 13240 --- [VacanciesAndResumes] [main] o.h.engine.jdbc.spi.SqlExceptionHelper   : SQL Warning Code: 0, SQLState: 00000
2024-11-19T00:01:22.735+03:00  WARN 13240 --- [VacanciesAndResumes] [main] o.h.engine.jdbc.spi.SqlExceptionHelper   : таблица "employment" не существует, пропускается
2024-11-19T00:01:22.736+03:00  WARN 13240 --- [VacanciesAndResumes] [main] o.h.engine.jdbc.spi.SqlExceptionHelper   : SQL Warning Code: 0, SQLState: 00000
2024-11-19T00:01:22.736+03:00  WARN 13240 --- [VacanciesAndResumes] [main] o.h.engine.jdbc.spi.SqlExceptionHelper   : таблица "employment_candidates" не существует, пропускается
2024-11-19T00:01:22.737+03:00  WARN 13240 --- [VacanciesAndResumes] [main] o.h.engine.jdbc.spi.SqlExceptionHelper   : SQL Warning Code: 0, SQLState: 00000
2024-11-19T00:01:22.737+03:00  WARN 13240 --- [VacanciesAndResumes] [main] o.h.engine.jdbc.spi.SqlExceptionHelper   : таблица "handbook" не существует, пропускается
2024-11-19T00:01:22.738+03:00  WARN 13240 --- [VacanciesAndResumes] [main] o.h.engine.jdbc.spi.SqlExceptionHelper   : SQL Warning Code: 0, SQLState: 00000
2024-11-19T00:01:22.738+03:00  WARN 13240 --- [VacanciesAndResumes] [main] o.h.engine.jdbc.spi.SqlExceptionHelper   : таблица "key_skill" не существует, пропускается
2024-11-19T00:01:22.739+03:00  WARN 13240 --- [VacanciesAndResumes] [main] o.h.engine.jdbc.spi.SqlExceptionHelper   : SQL Warning Code: 0, SQLState: 00000
2024-11-19T00:01:22.739+03:00  WARN 13240 --- [VacanciesAndResumes] [main] o.h.engine.jdbc.spi.SqlExceptionHelper   : таблица "key_skill_candidates" не существует, пропускается
2024-11-19T00:01:22.740+03:00  WARN 13240 --- [VacanciesAndResumes] [main] o.h.engine.jdbc.spi.SqlExceptionHelper   : SQL Warning Code: 0, SQLState: 00000
2024-11-19T00:01:22.740+03:00  WARN 13240 --- [VacanciesAndResumes] [main] o.h.engine.jdbc.spi.SqlExceptionHelper   : таблица "specialization" не существует, пропускается
2024-11-19T00:01:22.741+03:00  WARN 13240 --- [VacanciesAndResumes] [main] o.h.engine.jdbc.spi.SqlExceptionHelper   : SQL Warning Code: 0, SQLState: 00000
2024-11-19T00:01:22.741+03:00  WARN 13240 --- [VacanciesAndResumes] [main] o.h.engine.jdbc.spi.SqlExceptionHelper   : таблица "tb_document" не существует, пропускается
2024-11-19T00:01:22.741+03:00  WARN 13240 --- [VacanciesAndResumes] [main] o.h.engine.jdbc.spi.SqlExceptionHelper   : SQL Warning Code: 0, SQLState: 00000
2024-11-19T00:01:22.741+03:00  WARN 13240 --- [VacanciesAndResumes] [main] o.h.engine.jdbc.spi.SqlExceptionHelper   : таблица "tb_language" не существует, пропускается
2024-11-19T00:01:22.742+03:00  WARN 13240 --- [VacanciesAndResumes] [main] o.h.engine.jdbc.spi.SqlExceptionHelper   : SQL Warning Code: 0, SQLState: 00000
2024-11-19T00:01:22.742+03:00  WARN 13240 --- [VacanciesAndResumes] [main] o.h.engine.jdbc.spi.SqlExceptionHelper   : таблица "vacancy" не существует, пропускается
2024-11-19T00:01:22.743+03:00  WARN 13240 --- [VacanciesAndResumes] [main] o.h.engine.jdbc.spi.SqlExceptionHelper   : SQL Warning Code: 0, SQLState: 00000
2024-11-19T00:01:22.743+03:00  WARN 13240 --- [VacanciesAndResumes] [main] o.h.engine.jdbc.spi.SqlExceptionHelper   : таблица "work_experience" не существует, пропускается
2024-11-19T00:01:22.821+03:00  INFO 13240 --- [VacanciesAndResumes] [main] j.LocalContainerEntityManagerFactoryBean : Initialized JPA EntityManagerFactory for persistence unit 'default'
2024-11-19T00:01:23.500+03:00  WARN 13240 --- [VacanciesAndResumes] [main] JpaBaseConfiguration$JpaWebConfiguration : spring.jpa.open-in-view is enabled by default. Therefore, database queries may be performed during view rendering. Explicitly configure spring.jpa.open-in-view to disable this warning
2024-11-19T00:01:23.807+03:00  INFO 13240 --- [VacanciesAndResumes] [main] o.s.b.w.embedded.tomcat.TomcatWebServer  : Tomcat started on port 8084 (http) with context path '/'
2024-11-19T00:01:23.814+03:00  INFO 13240 --- [VacanciesAndResumes] [main] c.e.V.VacanciesAndResumesApplication     : Started VacanciesAndResumesApplication in 7.025 seconds (process running for 7.511)
2024-11-19T00:01:23.880+03:00  INFO 13240 --- [VacanciesAndResumes] [main] c.e.VacanciesAndResumes.LoadDatabase     : Preloading Employment(employmentName=Частичная занятость)
2024-11-19T00:01:23.883+03:00  INFO 13240 --- [VacanciesAndResumes] [main] c.e.VacanciesAndResumes.LoadDatabase     : Preloading Employment(employmentName=Полная занятость)
2024-11-19T00:01:23.885+03:00  INFO 13240 --- [VacanciesAndResumes] [main] c.e.VacanciesAndResumes.LoadDatabase     : Preloading KeySkill(keySkillName=Python)
2024-11-19T00:01:23.887+03:00  INFO 13240 --- [VacanciesAndResumes] [main] c.e.VacanciesAndResumes.LoadDatabase     : Preloading KeySkill(keySkillName=C++)
2024-11-19T00:01:23.890+03:00  INFO 13240 --- [VacanciesAndResumes] [main] c.e.VacanciesAndResumes.LoadDatabase     : Preloading Customer(name=ТН)
2024-11-19T00:01:23.894+03:00  INFO 13240 --- [VacanciesAndResumes] [main] c.e.VacanciesAndResumes.LoadDatabase     : Preloading Handbook(code=Resume Status, keyName=Offer, valueName=Оффер)
2024-11-19T00:01:23.896+03:00  INFO 13240 --- [VacanciesAndResumes] [main] c.e.VacanciesAndResumes.LoadDatabase     : Preloading Handbook(code=Resume Status, keyName=Screening, valueName=Скрининг)
2024-11-19T00:01:23.898+03:00  INFO 13240 --- [VacanciesAndResumes] [main] c.e.VacanciesAndResumes.LoadDatabase     : Preloading Handbook(code=Vacancy Status, keyName=true, valueName=Активная вакансия)
2024-11-19T00:01:23.900+03:00  INFO 13240 --- [VacanciesAndResumes] [main] c.e.VacanciesAndResumes.LoadDatabase     : Preloading Handbook(code=Vacancy Status, keyName=false, valueName=Вакансия в архиве)
2024-11-19T00:01:23.909+03:00  INFO 13240 --- [VacanciesAndResumes] [main] .s.b.a.l.ConditionEvaluationReportLogger : 

Error starting ApplicationContext. To display the condition evaluation report re-run your application with 'debug' enabled.
2024-11-19T00:01:23.931+03:00 ERROR 13240 --- [VacanciesAndResumes] [main] o.s.boot.SpringApplication               : Application run failed

org.springframework.dao.DataIntegrityViolationException: not-null property references a null or transient value : com.example.VacanciesAndResumes.models.Employee.middleName
	at org.springframework.orm.jpa.vendor.HibernateJpaDialect.convertHibernateAccessException(HibernateJpaDialect.java:307) ~[spring-orm-6.1.13.jar:6.1.13]
	at org.springframework.orm.jpa.vendor.HibernateJpaDialect.translateExceptionIfPossible(HibernateJpaDialect.java:241) ~[spring-orm-6.1.13.jar:6.1.13]
	at org.springframework.orm.jpa.AbstractEntityManagerFactoryBean.translateExceptionIfPossible(AbstractEntityManagerFactoryBean.java:550) ~[spring-orm-6.1.13.jar:6.1.13]
	at org.springframework.dao.support.ChainedPersistenceExceptionTranslator.translateExceptionIfPossible(ChainedPersistenceExceptionTranslator.java:61) ~[spring-tx-6.1.13.jar:6.1.13]
	at org.springframework.dao.support.DataAccessUtils.translateIfNecessary(DataAccessUtils.java:335) ~[spring-tx-6.1.13.jar:6.1.13]
	at org.springframework.dao.support.PersistenceExceptionTranslationInterceptor.invoke(PersistenceExceptionTranslationInterceptor.java:160) ~[spring-tx-6.1.13.jar:6.1.13]
	at org.springframework.aop.framework.ReflectiveMethodInvocation.proceed(ReflectiveMethodInvocation.java:184) ~[spring-aop-6.1.13.jar:6.1.13]
	at org.springframework.data.jpa.repository.support.CrudMethodMetadataPostProcessor$CrudMethodMetadataPopulatingMethodInterceptor.invoke(CrudMethodMetadataPostProcessor.java:165) ~[spring-data-jpa-3.3.4.jar:3.3.4]
	at org.springframework.aop.framework.ReflectiveMethodInvocation.proceed(ReflectiveMethodInvocation.java:184) ~[spring-aop-6.1.13.jar:6.1.13]
	at org.springframework.aop.interceptor.ExposeInvocationInterceptor.invoke(ExposeInvocationInterceptor.java:97) ~[spring-aop-6.1.13.jar:6.1.13]
	at org.springframework.aop.framework.ReflectiveMethodInvocation.proceed(ReflectiveMethodInvocation.java:184) ~[spring-aop-6.1.13.jar:6.1.13]
	at org.springframework.aop.framework.JdkDynamicAopProxy.invoke(JdkDynamicAopProxy.java:223) ~[spring-aop-6.1.13.jar:6.1.13]
	at jdk.proxy2/jdk.proxy2.$Proxy157.save(Unknown Source) ~[na:na]
	at com.example.VacanciesAndResumes.LoadDatabase.lambda$initDatabase$0(LoadDatabase.java:68) ~[classes/:na]
	at org.springframework.boot.SpringApplication.lambda$callRunner$5(SpringApplication.java:790) ~[spring-boot-3.3.4.jar:3.3.4]
	at org.springframework.util.function.ThrowingConsumer$1.acceptWithException(ThrowingConsumer.java:83) ~[spring-core-6.1.13.jar:6.1.13]
	at org.springframework.util.function.ThrowingConsumer.accept(ThrowingConsumer.java:60) ~[spring-core-6.1.13.jar:6.1.13]
	at org.springframework.util.function.ThrowingConsumer$1.accept(ThrowingConsumer.java:88) ~[spring-core-6.1.13.jar:6.1.13]
	at org.springframework.boot.SpringApplication.callRunner(SpringApplication.java:798) ~[spring-boot-3.3.4.jar:3.3.4]
	at org.springframework.boot.SpringApplication.callRunner(SpringApplication.java:789) ~[spring-boot-3.3.4.jar:3.3.4]
	at org.springframework.boot.SpringApplication.lambda$callRunners$3(SpringApplication.java:774) ~[spring-boot-3.3.4.jar:3.3.4]
	at java.base/java.util.stream.ForEachOps$ForEachOp$OfRef.accept(ForEachOps.java:184) ~[na:na]
	at java.base/java.util.stream.SortedOps$SizedRefSortingSink.end(SortedOps.java:357) ~[na:na]
	at java.base/java.util.stream.AbstractPipeline.copyInto(AbstractPipeline.java:571) ~[na:na]
	at java.base/java.util.stream.AbstractPipeline.wrapAndCopyInto(AbstractPipeline.java:560) ~[na:na]
	at java.base/java.util.stream.ForEachOps$ForEachOp.evaluateSequential(ForEachOps.java:151) ~[na:na]
	at java.base/java.util.stream.ForEachOps$ForEachOp$OfRef.evaluateSequential(ForEachOps.java:174) ~[na:na]
	at java.base/java.util.stream.AbstractPipeline.evaluate(AbstractPipeline.java:265) ~[na:na]
	at java.base/java.util.stream.ReferencePipeline.forEach(ReferencePipeline.java:636) ~[na:na]
	at org.springframework.boot.SpringApplication.callRunners(SpringApplication.java:774) ~[spring-boot-3.3.4.jar:3.3.4]
	at org.springframework.boot.SpringApplication.run(SpringApplication.java:342) ~[spring-boot-3.3.4.jar:3.3.4]
	at org.springframework.boot.SpringApplication.run(SpringApplication.java:1363) ~[spring-boot-3.3.4.jar:3.3.4]
	at org.springframework.boot.SpringApplication.run(SpringApplication.java:1352) ~[spring-boot-3.3.4.jar:3.3.4]
	at com.example.VacanciesAndResumes.VacanciesAndResumesApplication.main(VacanciesAndResumesApplication.java:12) ~[classes/:na]
Caused by: org.hibernate.PropertyValueException: not-null property references a null or transient value : com.example.VacanciesAndResumes.models.Employee.middleName
	at org.hibernate.engine.internal.Nullability.checkNullability(Nullability.java:109) ~[hibernate-core-6.5.3.Final.jar:6.5.3.Final]
	at org.hibernate.engine.internal.Nullability.checkNullability(Nullability.java:54) ~[hibernate-core-6.5.3.Final.jar:6.5.3.Final]
	at org.hibernate.action.internal.AbstractEntityInsertAction.nullifyTransientReferencesIfNotAlready(AbstractEntityInsertAction.java:124) ~[hibernate-core-6.5.3.Final.jar:6.5.3.Final]
	at org.hibernate.action.internal.AbstractEntityInsertAction.makeEntityManaged(AbstractEntityInsertAction.java:133) ~[hibernate-core-6.5.3.Final.jar:6.5.3.Final]
	at org.hibernate.engine.spi.ActionQueue.addResolvedEntityInsertAction(ActionQueue.java:300) ~[hibernate-core-6.5.3.Final.jar:6.5.3.Final]
	at org.hibernate.engine.spi.ActionQueue.addInsertAction(ActionQueue.java:273) ~[hibernate-core-6.5.3.Final.jar:6.5.3.Final]
	at org.hibernate.engine.spi.ActionQueue.addAction(ActionQueue.java:260) ~[hibernate-core-6.5.3.Final.jar:6.5.3.Final]
	at org.hibernate.event.internal.AbstractSaveEventListener.addInsertAction(AbstractSaveEventListener.java:404) ~[hibernate-core-6.5.3.Final.jar:6.5.3.Final]
	at org.hibernate.event.internal.AbstractSaveEventListener.performSaveOrReplicate(AbstractSaveEventListener.java:305) ~[hibernate-core-6.5.3.Final.jar:6.5.3.Final]
	at org.hibernate.event.internal.AbstractSaveEventListener.performSave(AbstractSaveEventListener.java:224) ~[hibernate-core-6.5.3.Final.jar:6.5.3.Final]
	at org.hibernate.event.internal.AbstractSaveEventListener.saveWithGeneratedId(AbstractSaveEventListener.java:137) ~[hibernate-core-6.5.3.Final.jar:6.5.3.Final]
	at org.hibernate.event.internal.DefaultPersistEventListener.entityIsTransient(DefaultPersistEventListener.java:175) ~[hibernate-core-6.5.3.Final.jar:6.5.3.Final]
	at org.hibernate.event.internal.DefaultPersistEventListener.persist(DefaultPersistEventListener.java:93) ~[hibernate-core-6.5.3.Final.jar:6.5.3.Final]
	at org.hibernate.event.internal.DefaultPersistEventListener.onPersist(DefaultPersistEventListener.java:77) ~[hibernate-core-6.5.3.Final.jar:6.5.3.Final]
	at org.hibernate.event.internal.DefaultPersistEventListener.onPersist(DefaultPersistEventListener.java:54) ~[hibernate-core-6.5.3.Final.jar:6.5.3.Final]
	at org.hibernate.event.service.internal.EventListenerGroupImpl.fireEventOnEachListener(EventListenerGroupImpl.java:127) ~[hibernate-core-6.5.3.Final.jar:6.5.3.Final]
	at org.hibernate.internal.SessionImpl.firePersist(SessionImpl.java:757) ~[hibernate-core-6.5.3.Final.jar:6.5.3.Final]
	at org.hibernate.internal.SessionImpl.persist(SessionImpl.java:741) ~[hibernate-core-6.5.3.Final.jar:6.5.3.Final]
	at java.base/jdk.internal.reflect.DirectMethodHandleAccessor.invoke(DirectMethodHandleAccessor.java:103) ~[na:na]
	at java.base/java.lang.reflect.Method.invoke(Method.java:580) ~[na:na]
	at org.springframework.orm.jpa.SharedEntityManagerCreator$SharedEntityManagerInvocationHandler.invoke(SharedEntityManagerCreator.java:319) ~[spring-orm-6.1.13.jar:6.1.13]
	at jdk.proxy2/jdk.proxy2.$Proxy138.persist(Unknown Source) ~[na:na]
	at org.springframework.data.jpa.repository.support.SimpleJpaRepository.save(SimpleJpaRepository.java:626) ~[spring-data-jpa-3.3.4.jar:3.3.4]
	at java.base/jdk.internal.reflect.DirectMethodHandleAccessor.invoke(DirectMethodHandleAccessor.java:103) ~[na:na]
	at java.base/java.lang.reflect.Method.invoke(Method.java:580) ~[na:na]
	at org.springframework.aop.support.AopUtils.invokeJoinpointUsingReflection(AopUtils.java:355) ~[spring-aop-6.1.13.jar:6.1.13]
	at org.springframework.data.repository.core.support.RepositoryMethodInvoker$RepositoryFragmentMethodInvoker.lambda$new$0(RepositoryMethodInvoker.java:277) ~[spring-data-commons-3.3.4.jar:3.3.4]
	at org.springframework.data.repository.core.support.RepositoryMethodInvoker.doInvoke(RepositoryMethodInvoker.java:170) ~[spring-data-commons-3.3.4.jar:3.3.4]
	at org.springframework.data.repository.core.support.RepositoryMethodInvoker.invoke(RepositoryMethodInvoker.java:158) ~[spring-data-commons-3.3.4.jar:3.3.4]
	at org.springframework.data.repository.core.support.RepositoryComposition$RepositoryFragments.invoke(RepositoryComposition.java:516) ~[spring-data-commons-3.3.4.jar:3.3.4]
	at org.springframework.data.repository.core.support.RepositoryComposition.invoke(RepositoryComposition.java:285) ~[spring-data-commons-3.3.4.jar:3.3.4]
	at org.springframework.data.repository.core.support.RepositoryFactorySupport$ImplementationMethodExecutionInterceptor.invoke(RepositoryFactorySupport.java:628) ~[spring-data-commons-3.3.4.jar:3.3.4]
	at org.springframework.aop.framework.ReflectiveMethodInvocation.proceed(ReflectiveMethodInvocation.java:184) ~[spring-aop-6.1.13.jar:6.1.13]
	at org.springframework.data.repository.core.support.QueryExecutorMethodInterceptor.doInvoke(QueryExecutorMethodInterceptor.java:173) ~[spring-data-commons-3.3.4.jar:3.3.4]
	at org.springframework.data.repository.core.support.QueryExecutorMethodInterceptor.invoke(QueryExecutorMethodInterceptor.java:148) ~[spring-data-commons-3.3.4.jar:3.3.4]
	at org.springframework.aop.framework.ReflectiveMethodInvocation.proceed(ReflectiveMethodInvocation.java:184) ~[spring-aop-6.1.13.jar:6.1.13]
	at org.springframework.data.projection.DefaultMethodInvokingMethodInterceptor.invoke(DefaultMethodInvokingMethodInterceptor.java:70) ~[spring-data-commons-3.3.4.jar:3.3.4]
	at org.springframework.aop.framework.ReflectiveMethodInvocation.proceed(ReflectiveMethodInvocation.java:184) ~[spring-aop-6.1.13.jar:6.1.13]
	at org.springframework.transaction.interceptor.TransactionAspectSupport.invokeWithinTransaction(TransactionAspectSupport.java:379) ~[spring-tx-6.1.13.jar:6.1.13]
	at org.springframework.transaction.interceptor.TransactionInterceptor.invoke(TransactionInterceptor.java:119) ~[spring-tx-6.1.13.jar:6.1.13]
	at org.springframework.aop.framework.ReflectiveMethodInvocation.proceed(ReflectiveMethodInvocation.java:184) ~[spring-aop-6.1.13.jar:6.1.13]
	at org.springframework.dao.support.PersistenceExceptionTranslationInterceptor.invoke(PersistenceExceptionTranslationInterceptor.java:138) ~[spring-tx-6.1.13.jar:6.1.13]
	... 28 common frames omitted

2024-11-19T00:01:23.950+03:00  INFO 13240 --- [VacanciesAndResumes] [main] j.LocalContainerEntityManagerFactoryBean : Closing JPA EntityManagerFactory for persistence unit 'default'
2024-11-19T00:01:23.996+03:00  INFO 13240 --- [VacanciesAndResumes] [main] com.zaxxer.hikari.HikariDataSource       : HikariPool-1 - Shutdown initiated...
2024-11-19T00:01:24.005+03:00  INFO 13240 --- [VacanciesAndResumes] [main] com.zaxxer.hikari.HikariDataSource       : HikariPool-1 - Shutdown completed.
2024-11-19T00:02:46.563+03:00  INFO 1528 --- [VacanciesAndResumes] [main] c.e.V.VacanciesAndResumesApplication     : Starting VacanciesAndResumesApplication using Java 23 with PID 1528 (C:\programs\JavaProjects\VacanciesAndResumes\target\classes started by User in C:\programs\JavaProjects\VacanciesAndResumes)
2024-11-19T00:02:46.579+03:00  INFO 1528 --- [VacanciesAndResumes] [main] c.e.V.VacanciesAndResumesApplication     : No active profile set, falling back to 1 default profile: "default"
2024-11-19T00:02:47.459+03:00  INFO 1528 --- [VacanciesAndResumes] [main] .s.d.r.c.RepositoryConfigurationDelegate : Bootstrapping Spring Data JPA repositories in DEFAULT mode.
2024-11-19T00:02:47.577+03:00  INFO 1528 --- [VacanciesAndResumes] [main] .s.d.r.c.RepositoryConfigurationDelegate : Finished Spring Data repository scanning in 108 ms. Found 15 JPA repository interfaces.
2024-11-19T00:02:48.247+03:00  INFO 1528 --- [VacanciesAndResumes] [main] o.s.b.w.embedded.tomcat.TomcatWebServer  : Tomcat initialized with port 8084 (http)
2024-11-19T00:02:48.265+03:00  INFO 1528 --- [VacanciesAndResumes] [main] o.apache.catalina.core.StandardService   : Starting service [Tomcat]
2024-11-19T00:02:48.266+03:00  INFO 1528 --- [VacanciesAndResumes] [main] o.apache.catalina.core.StandardEngine    : Starting Servlet engine: [Apache Tomcat/10.1.30]
2024-11-19T00:02:48.338+03:00  INFO 1528 --- [VacanciesAndResumes] [main] o.a.c.c.C.[Tomcat].[localhost].[/]       : Initializing Spring embedded WebApplicationContext
2024-11-19T00:02:48.338+03:00  INFO 1528 --- [VacanciesAndResumes] [main] w.s.c.ServletWebServerApplicationContext : Root WebApplicationContext: initialization completed in 1675 ms
2024-11-19T00:02:48.518+03:00  INFO 1528 --- [VacanciesAndResumes] [main] com.zaxxer.hikari.HikariDataSource       : HikariPool-1 - Starting...
2024-11-19T00:02:48.723+03:00  INFO 1528 --- [VacanciesAndResumes] [main] com.zaxxer.hikari.pool.HikariPool        : HikariPool-1 - Added connection org.postgresql.jdbc.PgConnection@6af5b246
2024-11-19T00:02:48.725+03:00  INFO 1528 --- [VacanciesAndResumes] [main] com.zaxxer.hikari.HikariDataSource       : HikariPool-1 - Start completed.
2024-11-19T00:02:48.917+03:00  INFO 1528 --- [VacanciesAndResumes] [main] liquibase.database                       : Set default schema name to public
2024-11-19T00:02:49.269+03:00  INFO 1528 --- [VacanciesAndResumes] [main] liquibase.changelog                      : Reading resource: db/changelog/v1/v1-001-create-table-candidate.xml
2024-11-19T00:02:49.450+03:00  INFO 1528 --- [VacanciesAndResumes] [main] liquibase.changelog                      : Reading resource: db/changelog/v1/v1-002-create-table-education.xml
2024-11-19T00:02:49.474+03:00  INFO 1528 --- [VacanciesAndResumes] [main] liquibase.changelog                      : Reading resource: db/changelog/v1/v1-003-create-table-contact.xml
2024-11-19T00:02:49.512+03:00  INFO 1528 --- [VacanciesAndResumes] [main] liquibase.changelog                      : Reading resource: db/changelog/v1/v1-004-create-table-document.xml
2024-11-19T00:02:49.532+03:00  INFO 1528 --- [VacanciesAndResumes] [main] liquibase.changelog                      : Reading resource: db/changelog/v1/v1-005-create-table-language.xml
2024-11-19T00:02:49.554+03:00  INFO 1528 --- [VacanciesAndResumes] [main] liquibase.changelog                      : Reading resource: db/changelog/v1/v1-006-create-table-certificate-qualification.xml
2024-11-19T00:02:49.592+03:00  INFO 1528 --- [VacanciesAndResumes] [main] liquibase.changelog                      : Reading resource: db/changelog/v1/v1-007-create-table-specialization.xml
2024-11-19T00:02:49.606+03:00  INFO 1528 --- [VacanciesAndResumes] [main] liquibase.changelog                      : Reading resource: db/changelog/v1/v1-008-create-table-work_experience.xml
2024-11-19T00:02:49.626+03:00  INFO 1528 --- [VacanciesAndResumes] [main] liquibase.changelog                      : Reading resource: db/changelog/v1/v1-009-create-table-key_skill.xml
2024-11-19T00:02:49.640+03:00  INFO 1528 --- [VacanciesAndResumes] [main] liquibase.changelog                      : Reading resource: db/changelog/v1/v1-010-create-table-candidates_key_skills.xml
2024-11-19T00:02:49.659+03:00  INFO 1528 --- [VacanciesAndResumes] [main] liquibase.changelog                      : Reading resource: db/changelog/v1/v1-011-create-table-employment.xml
2024-11-19T00:02:49.673+03:00  INFO 1528 --- [VacanciesAndResumes] [main] liquibase.changelog                      : Reading resource: db/changelog/v1/v1-012-create-table-employments_candidates.xml
2024-11-19T00:02:49.684+03:00  INFO 1528 --- [VacanciesAndResumes] [main] liquibase.changelog                      : Reading resource: db/changelog/v1/v1-013-create-table-handbook.xml
2024-11-19T00:02:49.695+03:00  INFO 1528 --- [VacanciesAndResumes] [main] liquibase.changelog                      : Reading resource: db/changelog/v1/v1-014-create-table-customer.xml
2024-11-19T00:02:49.711+03:00  INFO 1528 --- [VacanciesAndResumes] [main] liquibase.changelog                      : Reading resource: db/changelog/v1/v1-015-create-table-vacancy.xml
2024-11-19T00:02:49.730+03:00  INFO 1528 --- [VacanciesAndResumes] [main] liquibase.changelog                      : Reading resource: db/changelog/v1/v1-016-create-table-employee.xml
2024-11-19T00:02:49.746+03:00  INFO 1528 --- [VacanciesAndResumes] [main] liquibase.changelog                      : Reading resource: db/changelog/v1/v1-018-create-table-comment_vacancy.xml
2024-11-19T00:02:49.853+03:00  INFO 1528 --- [VacanciesAndResumes] [main] liquibase.changelog                      : Reading from public.databasechangelog
2024-11-19T00:02:49.949+03:00  INFO 1528 --- [VacanciesAndResumes] [main] liquibase.ui                             : Database is up to date, no changesets to execute
2024-11-19T00:02:49.951+03:00  INFO 1528 --- [VacanciesAndResumes] [main] liquibase.changelog                      : Reading from public.databasechangelog
2024-11-19T00:02:49.963+03:00  INFO 1528 --- [VacanciesAndResumes] [main] liquibase.util                           : UPDATE SUMMARY
2024-11-19T00:02:49.964+03:00  INFO 1528 --- [VacanciesAndResumes] [main] liquibase.util                           : Run:                          0
2024-11-19T00:02:49.964+03:00  INFO 1528 --- [VacanciesAndResumes] [main] liquibase.util                           : Previously run:              17
2024-11-19T00:02:49.964+03:00  INFO 1528 --- [VacanciesAndResumes] [main] liquibase.util                           : Filtered out:                 0
2024-11-19T00:02:49.964+03:00  INFO 1528 --- [VacanciesAndResumes] [main] liquibase.util                           : -------------------------------
2024-11-19T00:02:49.964+03:00  INFO 1528 --- [VacanciesAndResumes] [main] liquibase.util                           : Total change sets:           17
2024-11-19T00:02:49.965+03:00  INFO 1528 --- [VacanciesAndResumes] [main] liquibase.util                           : Update summary generated
2024-11-19T00:02:49.966+03:00  INFO 1528 --- [VacanciesAndResumes] [main] liquibase.command                        : Command execution complete
2024-11-19T00:02:50.072+03:00  INFO 1528 --- [VacanciesAndResumes] [main] o.hibernate.jpa.internal.util.LogHelper  : HHH000204: Processing PersistenceUnitInfo [name: default]
2024-11-19T00:02:50.138+03:00  INFO 1528 --- [VacanciesAndResumes] [main] org.hibernate.Version                    : HHH000412: Hibernate ORM core version 6.5.3.Final
2024-11-19T00:02:50.177+03:00  INFO 1528 --- [VacanciesAndResumes] [main] o.h.c.internal.RegionFactoryInitiator    : HHH000026: Second-level cache disabled
2024-11-19T00:02:50.559+03:00  INFO 1528 --- [VacanciesAndResumes] [main] o.s.o.j.p.SpringPersistenceUnitInfo      : No LoadTimeWeaver setup: ignoring JPA class transformer
2024-11-19T00:02:50.616+03:00  WARN 1528 --- [VacanciesAndResumes] [main] org.hibernate.orm.deprecation            : HHH90000025: PostgreSQLDialect does not need to be specified explicitly using 'hibernate.dialect' (remove the property setting and it will be selected by default)
2024-11-19T00:02:51.886+03:00  INFO 1528 --- [VacanciesAndResumes] [main] o.h.e.t.j.p.i.JtaPlatformInitiator       : HHH000489: No JTA platform available (set 'hibernate.transaction.jta.platform' to enable JTA platform integration)
2024-11-19T00:02:51.904+03:00  WARN 1528 --- [VacanciesAndResumes] [main] o.h.engine.jdbc.spi.SqlExceptionHelper   : SQL Warning Code: 0, SQLState: 00000
2024-11-19T00:02:51.905+03:00  WARN 1528 --- [VacanciesAndResumes] [main] o.h.engine.jdbc.spi.SqlExceptionHelper   : отношение "certificates_qualification" не существует, пропускается
2024-11-19T00:02:51.906+03:00  WARN 1528 --- [VacanciesAndResumes] [main] o.h.engine.jdbc.spi.SqlExceptionHelper   : SQL Warning Code: 0, SQLState: 00000
2024-11-19T00:02:51.906+03:00  WARN 1528 --- [VacanciesAndResumes] [main] o.h.engine.jdbc.spi.SqlExceptionHelper   : отношение "comment_vacancy" не существует, пропускается
2024-11-19T00:02:51.907+03:00  WARN 1528 --- [VacanciesAndResumes] [main] o.h.engine.jdbc.spi.SqlExceptionHelper   : SQL Warning Code: 0, SQLState: 00000
2024-11-19T00:02:51.907+03:00  WARN 1528 --- [VacanciesAndResumes] [main] o.h.engine.jdbc.spi.SqlExceptionHelper   : отношение "comment_vacancy" не существует, пропускается
2024-11-19T00:02:51.907+03:00  WARN 1528 --- [VacanciesAndResumes] [main] o.h.engine.jdbc.spi.SqlExceptionHelper   : SQL Warning Code: 0, SQLState: 00000
2024-11-19T00:02:51.908+03:00  WARN 1528 --- [VacanciesAndResumes] [main] o.h.engine.jdbc.spi.SqlExceptionHelper   : отношение "contact" не существует, пропускается
2024-11-19T00:02:51.908+03:00  WARN 1528 --- [VacanciesAndResumes] [main] o.h.engine.jdbc.spi.SqlExceptionHelper   : SQL Warning Code: 0, SQLState: 00000
2024-11-19T00:02:51.908+03:00  WARN 1528 --- [VacanciesAndResumes] [main] o.h.engine.jdbc.spi.SqlExceptionHelper   : отношение "education" не существует, пропускается
2024-11-19T00:02:51.909+03:00  WARN 1528 --- [VacanciesAndResumes] [main] o.h.engine.jdbc.spi.SqlExceptionHelper   : SQL Warning Code: 0, SQLState: 00000
2024-11-19T00:02:51.909+03:00  WARN 1528 --- [VacanciesAndResumes] [main] o.h.engine.jdbc.spi.SqlExceptionHelper   : отношение "employment_candidates" не существует, пропускается
2024-11-19T00:02:51.910+03:00  WARN 1528 --- [VacanciesAndResumes] [main] o.h.engine.jdbc.spi.SqlExceptionHelper   : SQL Warning Code: 0, SQLState: 00000
2024-11-19T00:02:51.910+03:00  WARN 1528 --- [VacanciesAndResumes] [main] o.h.engine.jdbc.spi.SqlExceptionHelper   : отношение "employment_candidates" не существует, пропускается
2024-11-19T00:02:51.910+03:00  WARN 1528 --- [VacanciesAndResumes] [main] o.h.engine.jdbc.spi.SqlExceptionHelper   : SQL Warning Code: 0, SQLState: 00000
2024-11-19T00:02:51.910+03:00  WARN 1528 --- [VacanciesAndResumes] [main] o.h.engine.jdbc.spi.SqlExceptionHelper   : отношение "key_skill_candidates" не существует, пропускается
2024-11-19T00:02:51.911+03:00  WARN 1528 --- [VacanciesAndResumes] [main] o.h.engine.jdbc.spi.SqlExceptionHelper   : SQL Warning Code: 0, SQLState: 00000
2024-11-19T00:02:51.911+03:00  WARN 1528 --- [VacanciesAndResumes] [main] o.h.engine.jdbc.spi.SqlExceptionHelper   : отношение "key_skill_candidates" не существует, пропускается
2024-11-19T00:02:51.912+03:00  WARN 1528 --- [VacanciesAndResumes] [main] o.h.engine.jdbc.spi.SqlExceptionHelper   : SQL Warning Code: 0, SQLState: 00000
2024-11-19T00:02:51.912+03:00  WARN 1528 --- [VacanciesAndResumes] [main] o.h.engine.jdbc.spi.SqlExceptionHelper   : отношение "specialization" не существует, пропускается
2024-11-19T00:02:51.913+03:00  WARN 1528 --- [VacanciesAndResumes] [main] o.h.engine.jdbc.spi.SqlExceptionHelper   : SQL Warning Code: 0, SQLState: 00000
2024-11-19T00:02:51.913+03:00  WARN 1528 --- [VacanciesAndResumes] [main] o.h.engine.jdbc.spi.SqlExceptionHelper   : отношение "tb_document" не существует, пропускается
2024-11-19T00:02:51.914+03:00  WARN 1528 --- [VacanciesAndResumes] [main] o.h.engine.jdbc.spi.SqlExceptionHelper   : SQL Warning Code: 0, SQLState: 00000
2024-11-19T00:02:51.914+03:00  WARN 1528 --- [VacanciesAndResumes] [main] o.h.engine.jdbc.spi.SqlExceptionHelper   : отношение "tb_language" не существует, пропускается
2024-11-19T00:02:51.915+03:00  WARN 1528 --- [VacanciesAndResumes] [main] o.h.engine.jdbc.spi.SqlExceptionHelper   : SQL Warning Code: 0, SQLState: 00000
2024-11-19T00:02:51.915+03:00  WARN 1528 --- [VacanciesAndResumes] [main] o.h.engine.jdbc.spi.SqlExceptionHelper   : отношение "vacancy" не существует, пропускается
2024-11-19T00:02:51.916+03:00  WARN 1528 --- [VacanciesAndResumes] [main] o.h.engine.jdbc.spi.SqlExceptionHelper   : SQL Warning Code: 0, SQLState: 00000
2024-11-19T00:02:51.916+03:00  WARN 1528 --- [VacanciesAndResumes] [main] o.h.engine.jdbc.spi.SqlExceptionHelper   : отношение "work_experience" не существует, пропускается
2024-11-19T00:02:51.917+03:00  WARN 1528 --- [VacanciesAndResumes] [main] o.h.engine.jdbc.spi.SqlExceptionHelper   : SQL Warning Code: 0, SQLState: 00000
2024-11-19T00:02:51.917+03:00  WARN 1528 --- [VacanciesAndResumes] [main] o.h.engine.jdbc.spi.SqlExceptionHelper   : таблица "candidate" не существует, пропускается
2024-11-19T00:02:51.917+03:00  WARN 1528 --- [VacanciesAndResumes] [main] o.h.engine.jdbc.spi.SqlExceptionHelper   : SQL Warning Code: 0, SQLState: 00000
2024-11-19T00:02:51.917+03:00  WARN 1528 --- [VacanciesAndResumes] [main] o.h.engine.jdbc.spi.SqlExceptionHelper   : таблица "certificates_qualification" не существует, пропускается
2024-11-19T00:02:51.918+03:00  WARN 1528 --- [VacanciesAndResumes] [main] o.h.engine.jdbc.spi.SqlExceptionHelper   : SQL Warning Code: 0, SQLState: 00000
2024-11-19T00:02:51.918+03:00  WARN 1528 --- [VacanciesAndResumes] [main] o.h.engine.jdbc.spi.SqlExceptionHelper   : таблица "comment_vacancy" не существует, пропускается
2024-11-19T00:02:51.919+03:00  WARN 1528 --- [VacanciesAndResumes] [main] o.h.engine.jdbc.spi.SqlExceptionHelper   : SQL Warning Code: 0, SQLState: 00000
2024-11-19T00:02:51.919+03:00  WARN 1528 --- [VacanciesAndResumes] [main] o.h.engine.jdbc.spi.SqlExceptionHelper   : таблица "contact" не существует, пропускается
2024-11-19T00:02:51.919+03:00  WARN 1528 --- [VacanciesAndResumes] [main] o.h.engine.jdbc.spi.SqlExceptionHelper   : SQL Warning Code: 0, SQLState: 00000
2024-11-19T00:02:51.919+03:00  WARN 1528 --- [VacanciesAndResumes] [main] o.h.engine.jdbc.spi.SqlExceptionHelper   : таблица "customer" не существует, пропускается
2024-11-19T00:02:51.920+03:00  WARN 1528 --- [VacanciesAndResumes] [main] o.h.engine.jdbc.spi.SqlExceptionHelper   : SQL Warning Code: 0, SQLState: 00000
2024-11-19T00:02:51.920+03:00  WARN 1528 --- [VacanciesAndResumes] [main] o.h.engine.jdbc.spi.SqlExceptionHelper   : таблица "education" не существует, пропускается
2024-11-19T00:02:51.921+03:00  WARN 1528 --- [VacanciesAndResumes] [main] o.h.engine.jdbc.spi.SqlExceptionHelper   : SQL Warning Code: 0, SQLState: 00000
2024-11-19T00:02:51.921+03:00  WARN 1528 --- [VacanciesAndResumes] [main] o.h.engine.jdbc.spi.SqlExceptionHelper   : таблица "employee" не существует, пропускается
2024-11-19T00:02:51.922+03:00  WARN 1528 --- [VacanciesAndResumes] [main] o.h.engine.jdbc.spi.SqlExceptionHelper   : SQL Warning Code: 0, SQLState: 00000
2024-11-19T00:02:51.922+03:00  WARN 1528 --- [VacanciesAndResumes] [main] o.h.engine.jdbc.spi.SqlExceptionHelper   : таблица "employment" не существует, пропускается
2024-11-19T00:02:51.922+03:00  WARN 1528 --- [VacanciesAndResumes] [main] o.h.engine.jdbc.spi.SqlExceptionHelper   : SQL Warning Code: 0, SQLState: 00000
2024-11-19T00:02:51.923+03:00  WARN 1528 --- [VacanciesAndResumes] [main] o.h.engine.jdbc.spi.SqlExceptionHelper   : таблица "employment_candidates" не существует, пропускается
2024-11-19T00:02:51.923+03:00  WARN 1528 --- [VacanciesAndResumes] [main] o.h.engine.jdbc.spi.SqlExceptionHelper   : SQL Warning Code: 0, SQLState: 00000
2024-11-19T00:02:51.923+03:00  WARN 1528 --- [VacanciesAndResumes] [main] o.h.engine.jdbc.spi.SqlExceptionHelper   : таблица "handbook" не существует, пропускается
2024-11-19T00:02:51.924+03:00  WARN 1528 --- [VacanciesAndResumes] [main] o.h.engine.jdbc.spi.SqlExceptionHelper   : SQL Warning Code: 0, SQLState: 00000
2024-11-19T00:02:51.924+03:00  WARN 1528 --- [VacanciesAndResumes] [main] o.h.engine.jdbc.spi.SqlExceptionHelper   : таблица "key_skill" не существует, пропускается
2024-11-19T00:02:51.925+03:00  WARN 1528 --- [VacanciesAndResumes] [main] o.h.engine.jdbc.spi.SqlExceptionHelper   : SQL Warning Code: 0, SQLState: 00000
2024-11-19T00:02:51.925+03:00  WARN 1528 --- [VacanciesAndResumes] [main] o.h.engine.jdbc.spi.SqlExceptionHelper   : таблица "key_skill_candidates" не существует, пропускается
2024-11-19T00:02:51.925+03:00  WARN 1528 --- [VacanciesAndResumes] [main] o.h.engine.jdbc.spi.SqlExceptionHelper   : SQL Warning Code: 0, SQLState: 00000
2024-11-19T00:02:51.926+03:00  WARN 1528 --- [VacanciesAndResumes] [main] o.h.engine.jdbc.spi.SqlExceptionHelper   : таблица "specialization" не существует, пропускается
2024-11-19T00:02:51.926+03:00  WARN 1528 --- [VacanciesAndResumes] [main] o.h.engine.jdbc.spi.SqlExceptionHelper   : SQL Warning Code: 0, SQLState: 00000
2024-11-19T00:02:51.926+03:00  WARN 1528 --- [VacanciesAndResumes] [main] o.h.engine.jdbc.spi.SqlExceptionHelper   : таблица "tb_document" не существует, пропускается
2024-11-19T00:02:51.927+03:00  WARN 1528 --- [VacanciesAndResumes] [main] o.h.engine.jdbc.spi.SqlExceptionHelper   : SQL Warning Code: 0, SQLState: 00000
2024-11-19T00:02:51.927+03:00  WARN 1528 --- [VacanciesAndResumes] [main] o.h.engine.jdbc.spi.SqlExceptionHelper   : таблица "tb_language" не существует, пропускается
2024-11-19T00:02:51.928+03:00  WARN 1528 --- [VacanciesAndResumes] [main] o.h.engine.jdbc.spi.SqlExceptionHelper   : SQL Warning Code: 0, SQLState: 00000
2024-11-19T00:02:51.928+03:00  WARN 1528 --- [VacanciesAndResumes] [main] o.h.engine.jdbc.spi.SqlExceptionHelper   : таблица "vacancy" не существует, пропускается
2024-11-19T00:02:51.928+03:00  WARN 1528 --- [VacanciesAndResumes] [main] o.h.engine.jdbc.spi.SqlExceptionHelper   : SQL Warning Code: 0, SQLState: 00000
2024-11-19T00:02:51.928+03:00  WARN 1528 --- [VacanciesAndResumes] [main] o.h.engine.jdbc.spi.SqlExceptionHelper   : таблица "work_experience" не существует, пропускается
2024-11-19T00:02:52.004+03:00  INFO 1528 --- [VacanciesAndResumes] [main] j.LocalContainerEntityManagerFactoryBean : Initialized JPA EntityManagerFactory for persistence unit 'default'
2024-11-19T00:02:52.748+03:00  WARN 1528 --- [VacanciesAndResumes] [main] JpaBaseConfiguration$JpaWebConfiguration : spring.jpa.open-in-view is enabled by default. Therefore, database queries may be performed during view rendering. Explicitly configure spring.jpa.open-in-view to disable this warning
2024-11-19T00:02:53.095+03:00  INFO 1528 --- [VacanciesAndResumes] [main] o.s.b.w.embedded.tomcat.TomcatWebServer  : Tomcat started on port 8084 (http) with context path '/'
2024-11-19T00:02:53.107+03:00  INFO 1528 --- [VacanciesAndResumes] [main] c.e.V.VacanciesAndResumesApplication     : Started VacanciesAndResumesApplication in 7.094 seconds (process running for 7.561)
2024-11-19T00:02:53.174+03:00  INFO 1528 --- [VacanciesAndResumes] [main] c.e.VacanciesAndResumes.LoadDatabase     : Preloading Employment(employmentName=Частичная занятость)
2024-11-19T00:02:53.177+03:00  INFO 1528 --- [VacanciesAndResumes] [main] c.e.VacanciesAndResumes.LoadDatabase     : Preloading Employment(employmentName=Полная занятость)
2024-11-19T00:02:53.180+03:00  INFO 1528 --- [VacanciesAndResumes] [main] c.e.VacanciesAndResumes.LoadDatabase     : Preloading KeySkill(keySkillName=Python)
2024-11-19T00:02:53.180+03:00  INFO 1528 --- [VacanciesAndResumes] [main] c.e.VacanciesAndResumes.LoadDatabase     : Preloading KeySkill(keySkillName=C++)
2024-11-19T00:02:53.180+03:00  INFO 1528 --- [VacanciesAndResumes] [main] c.e.VacanciesAndResumes.LoadDatabase     : Preloading Customer(name=ТН)
2024-11-19T00:02:53.180+03:00  INFO 1528 --- [VacanciesAndResumes] [main] c.e.VacanciesAndResumes.LoadDatabase     : Preloading Handbook(code=Resume Status, keyName=Offer, valueName=Оффер)
2024-11-19T00:02:53.180+03:00  INFO 1528 --- [VacanciesAndResumes] [main] c.e.VacanciesAndResumes.LoadDatabase     : Preloading Handbook(code=Resume Status, keyName=Screening, valueName=Скрининг)
2024-11-19T00:02:53.180+03:00  INFO 1528 --- [VacanciesAndResumes] [main] c.e.VacanciesAndResumes.LoadDatabase     : Preloading Handbook(code=Vacancy Status, keyName=true, valueName=Активная вакансия)
2024-11-19T00:02:53.180+03:00  INFO 1528 --- [VacanciesAndResumes] [main] c.e.VacanciesAndResumes.LoadDatabase     : Preloading Handbook(code=Vacancy Status, keyName=false, valueName=Вакансия в архиве)
2024-11-19T00:02:53.196+03:00  INFO 1528 --- [VacanciesAndResumes] [main] c.e.VacanciesAndResumes.LoadDatabase     : Preloading Employee(firstName=Иван, lastName=Иванов, middleName=null, email=ivan@gmail.com)
2024-11-19T00:02:55.163+03:00  INFO 1528 --- [VacanciesAndResumes] [SpringApplicationShutdownHook] j.LocalContainerEntityManagerFactoryBean : Closing JPA EntityManagerFactory for persistence unit 'default'
2024-11-19T00:02:55.217+03:00  INFO 1528 --- [VacanciesAndResumes] [SpringApplicationShutdownHook] com.zaxxer.hikari.HikariDataSource       : HikariPool-1 - Shutdown initiated...
2024-11-19T00:02:55.225+03:00  INFO 1528 --- [VacanciesAndResumes] [SpringApplicationShutdownHook] com.zaxxer.hikari.HikariDataSource       : HikariPool-1 - Shutdown completed.
2024-11-19T00:03:49.685+03:00  INFO 10920 --- [VacanciesAndResumes] [main] c.e.V.VacanciesAndResumesApplication     : Starting VacanciesAndResumesApplication using Java 23 with PID 10920 (C:\programs\JavaProjects\VacanciesAndResumes\target\classes started by User in C:\programs\JavaProjects\VacanciesAndResumes)
2024-11-19T00:03:49.688+03:00  INFO 10920 --- [VacanciesAndResumes] [main] c.e.V.VacanciesAndResumesApplication     : No active profile set, falling back to 1 default profile: "default"
2024-11-19T00:03:51.059+03:00  INFO 10920 --- [VacanciesAndResumes] [main] .s.d.r.c.RepositoryConfigurationDelegate : Bootstrapping Spring Data JPA repositories in DEFAULT mode.
2024-11-19T00:03:51.206+03:00  INFO 10920 --- [VacanciesAndResumes] [main] .s.d.r.c.RepositoryConfigurationDelegate : Finished Spring Data repository scanning in 135 ms. Found 15 JPA repository interfaces.
2024-11-19T00:03:52.359+03:00  INFO 10920 --- [VacanciesAndResumes] [main] o.s.b.w.embedded.tomcat.TomcatWebServer  : Tomcat initialized with port 8084 (http)
2024-11-19T00:03:52.388+03:00  INFO 10920 --- [VacanciesAndResumes] [main] o.apache.catalina.core.StandardService   : Starting service [Tomcat]
2024-11-19T00:03:52.388+03:00  INFO 10920 --- [VacanciesAndResumes] [main] o.apache.catalina.core.StandardEngine    : Starting Servlet engine: [Apache Tomcat/10.1.30]
2024-11-19T00:03:52.474+03:00  INFO 10920 --- [VacanciesAndResumes] [main] o.a.c.c.C.[Tomcat].[localhost].[/]       : Initializing Spring embedded WebApplicationContext
2024-11-19T00:03:52.475+03:00  INFO 10920 --- [VacanciesAndResumes] [main] w.s.c.ServletWebServerApplicationContext : Root WebApplicationContext: initialization completed in 2648 ms
2024-11-19T00:03:52.848+03:00  INFO 10920 --- [VacanciesAndResumes] [main] com.zaxxer.hikari.HikariDataSource       : HikariPool-1 - Starting...
2024-11-19T00:03:53.304+03:00  INFO 10920 --- [VacanciesAndResumes] [main] com.zaxxer.hikari.pool.HikariPool        : HikariPool-1 - Added connection org.postgresql.jdbc.PgConnection@7dee835
2024-11-19T00:03:53.310+03:00  INFO 10920 --- [VacanciesAndResumes] [main] com.zaxxer.hikari.HikariDataSource       : HikariPool-1 - Start completed.
2024-11-19T00:03:53.574+03:00  INFO 10920 --- [VacanciesAndResumes] [main] liquibase.database                       : Set default schema name to public
2024-11-19T00:03:54.006+03:00  INFO 10920 --- [VacanciesAndResumes] [main] liquibase.changelog                      : Reading resource: db/changelog/v1/v1-001-create-table-candidate.xml
2024-11-19T00:03:54.156+03:00  INFO 10920 --- [VacanciesAndResumes] [main] liquibase.changelog                      : Reading resource: db/changelog/v1/v1-002-create-table-education.xml
2024-11-19T00:03:54.215+03:00  INFO 10920 --- [VacanciesAndResumes] [main] liquibase.changelog                      : Reading resource: db/changelog/v1/v1-003-create-table-contact.xml
2024-11-19T00:03:54.231+03:00  INFO 10920 --- [VacanciesAndResumes] [main] liquibase.changelog                      : Reading resource: db/changelog/v1/v1-004-create-table-document.xml
2024-11-19T00:03:54.252+03:00  INFO 10920 --- [VacanciesAndResumes] [main] liquibase.changelog                      : Reading resource: db/changelog/v1/v1-005-create-table-language.xml
2024-11-19T00:03:54.272+03:00  INFO 10920 --- [VacanciesAndResumes] [main] liquibase.changelog                      : Reading resource: db/changelog/v1/v1-006-create-table-certificate-qualification.xml
2024-11-19T00:03:54.287+03:00  INFO 10920 --- [VacanciesAndResumes] [main] liquibase.changelog                      : Reading resource: db/changelog/v1/v1-007-create-table-specialization.xml
2024-11-19T00:03:54.311+03:00  INFO 10920 --- [VacanciesAndResumes] [main] liquibase.changelog                      : Reading resource: db/changelog/v1/v1-008-create-table-work_experience.xml
2024-11-19T00:03:54.321+03:00  INFO 10920 --- [VacanciesAndResumes] [main] liquibase.changelog                      : Reading resource: db/changelog/v1/v1-009-create-table-key_skill.xml
2024-11-19T00:03:54.332+03:00  INFO 10920 --- [VacanciesAndResumes] [main] liquibase.changelog                      : Reading resource: db/changelog/v1/v1-010-create-table-candidates_key_skills.xml
2024-11-19T00:03:54.352+03:00  INFO 10920 --- [VacanciesAndResumes] [main] liquibase.changelog                      : Reading resource: db/changelog/v1/v1-011-create-table-employment.xml
2024-11-19T00:03:54.362+03:00  INFO 10920 --- [VacanciesAndResumes] [main] liquibase.changelog                      : Reading resource: db/changelog/v1/v1-012-create-table-employments_candidates.xml
2024-11-19T00:03:54.372+03:00  INFO 10920 --- [VacanciesAndResumes] [main] liquibase.changelog                      : Reading resource: db/changelog/v1/v1-013-create-table-handbook.xml
2024-11-19T00:03:54.433+03:00  INFO 10920 --- [VacanciesAndResumes] [main] liquibase.changelog                      : Reading resource: db/changelog/v1/v1-014-create-table-customer.xml
2024-11-19T00:03:54.448+03:00  INFO 10920 --- [VacanciesAndResumes] [main] liquibase.changelog                      : Reading resource: db/changelog/v1/v1-015-create-table-vacancy.xml
2024-11-19T00:03:54.462+03:00  INFO 10920 --- [VacanciesAndResumes] [main] liquibase.changelog                      : Reading resource: db/changelog/v1/v1-016-create-table-employee.xml
2024-11-19T00:03:54.494+03:00  INFO 10920 --- [VacanciesAndResumes] [main] liquibase.changelog                      : Reading resource: db/changelog/v1/v1-018-create-table-comment_vacancy.xml
2024-11-19T00:03:54.604+03:00  INFO 10920 --- [VacanciesAndResumes] [main] liquibase.changelog                      : Reading from public.databasechangelog
2024-11-19T00:03:54.739+03:00  INFO 10920 --- [VacanciesAndResumes] [main] liquibase.ui                             : Database is up to date, no changesets to execute
2024-11-19T00:03:54.741+03:00  INFO 10920 --- [VacanciesAndResumes] [main] liquibase.changelog                      : Reading from public.databasechangelog
2024-11-19T00:03:54.754+03:00  INFO 10920 --- [VacanciesAndResumes] [main] liquibase.util                           : UPDATE SUMMARY
2024-11-19T00:03:54.755+03:00  INFO 10920 --- [VacanciesAndResumes] [main] liquibase.util                           : Run:                          0
2024-11-19T00:03:54.755+03:00  INFO 10920 --- [VacanciesAndResumes] [main] liquibase.util                           : Previously run:              17
2024-11-19T00:03:54.755+03:00  INFO 10920 --- [VacanciesAndResumes] [main] liquibase.util                           : Filtered out:                 0
2024-11-19T00:03:54.755+03:00  INFO 10920 --- [VacanciesAndResumes] [main] liquibase.util                           : -------------------------------
2024-11-19T00:03:54.755+03:00  INFO 10920 --- [VacanciesAndResumes] [main] liquibase.util                           : Total change sets:           17
2024-11-19T00:03:54.756+03:00  INFO 10920 --- [VacanciesAndResumes] [main] liquibase.util                           : Update summary generated
2024-11-19T00:03:54.757+03:00  INFO 10920 --- [VacanciesAndResumes] [main] liquibase.command                        : Command execution complete
2024-11-19T00:03:54.865+03:00  INFO 10920 --- [VacanciesAndResumes] [main] o.hibernate.jpa.internal.util.LogHelper  : HHH000204: Processing PersistenceUnitInfo [name: default]
2024-11-19T00:03:54.941+03:00  INFO 10920 --- [VacanciesAndResumes] [main] org.hibernate.Version                    : HHH000412: Hibernate ORM core version 6.5.3.Final
2024-11-19T00:03:54.988+03:00  INFO 10920 --- [VacanciesAndResumes] [main] o.h.c.internal.RegionFactoryInitiator    : HHH000026: Second-level cache disabled
2024-11-19T00:03:55.399+03:00  INFO 10920 --- [VacanciesAndResumes] [main] o.s.o.j.p.SpringPersistenceUnitInfo      : No LoadTimeWeaver setup: ignoring JPA class transformer
2024-11-19T00:03:55.464+03:00  WARN 10920 --- [VacanciesAndResumes] [main] org.hibernate.orm.deprecation            : HHH90000025: PostgreSQLDialect does not need to be specified explicitly using 'hibernate.dialect' (remove the property setting and it will be selected by default)
2024-11-19T00:03:56.843+03:00  INFO 10920 --- [VacanciesAndResumes] [main] o.h.e.t.j.p.i.JtaPlatformInitiator       : HHH000489: No JTA platform available (set 'hibernate.transaction.jta.platform' to enable JTA platform integration)
2024-11-19T00:03:56.862+03:00  WARN 10920 --- [VacanciesAndResumes] [main] o.h.engine.jdbc.spi.SqlExceptionHelper   : SQL Warning Code: 0, SQLState: 00000
2024-11-19T00:03:56.863+03:00  WARN 10920 --- [VacanciesAndResumes] [main] o.h.engine.jdbc.spi.SqlExceptionHelper   : отношение "certificates_qualification" не существует, пропускается
2024-11-19T00:03:56.864+03:00  WARN 10920 --- [VacanciesAndResumes] [main] o.h.engine.jdbc.spi.SqlExceptionHelper   : SQL Warning Code: 0, SQLState: 00000
2024-11-19T00:03:56.864+03:00  WARN 10920 --- [VacanciesAndResumes] [main] o.h.engine.jdbc.spi.SqlExceptionHelper   : отношение "comment_vacancy" не существует, пропускается
2024-11-19T00:03:56.865+03:00  WARN 10920 --- [VacanciesAndResumes] [main] o.h.engine.jdbc.spi.SqlExceptionHelper   : SQL Warning Code: 0, SQLState: 00000
2024-11-19T00:03:56.865+03:00  WARN 10920 --- [VacanciesAndResumes] [main] o.h.engine.jdbc.spi.SqlExceptionHelper   : отношение "comment_vacancy" не существует, пропускается
2024-11-19T00:03:56.865+03:00  WARN 10920 --- [VacanciesAndResumes] [main] o.h.engine.jdbc.spi.SqlExceptionHelper   : SQL Warning Code: 0, SQLState: 00000
2024-11-19T00:03:56.866+03:00  WARN 10920 --- [VacanciesAndResumes] [main] o.h.engine.jdbc.spi.SqlExceptionHelper   : отношение "contact" не существует, пропускается
2024-11-19T00:03:56.866+03:00  WARN 10920 --- [VacanciesAndResumes] [main] o.h.engine.jdbc.spi.SqlExceptionHelper   : SQL Warning Code: 0, SQLState: 00000
2024-11-19T00:03:56.866+03:00  WARN 10920 --- [VacanciesAndResumes] [main] o.h.engine.jdbc.spi.SqlExceptionHelper   : отношение "education" не существует, пропускается
2024-11-19T00:03:56.867+03:00  WARN 10920 --- [VacanciesAndResumes] [main] o.h.engine.jdbc.spi.SqlExceptionHelper   : SQL Warning Code: 0, SQLState: 00000
2024-11-19T00:03:56.867+03:00  WARN 10920 --- [VacanciesAndResumes] [main] o.h.engine.jdbc.spi.SqlExceptionHelper   : отношение "employment_candidates" не существует, пропускается
2024-11-19T00:03:56.868+03:00  WARN 10920 --- [VacanciesAndResumes] [main] o.h.engine.jdbc.spi.SqlExceptionHelper   : SQL Warning Code: 0, SQLState: 00000
2024-11-19T00:03:56.868+03:00  WARN 10920 --- [VacanciesAndResumes] [main] o.h.engine.jdbc.spi.SqlExceptionHelper   : отношение "employment_candidates" не существует, пропускается
2024-11-19T00:03:56.869+03:00  WARN 10920 --- [VacanciesAndResumes] [main] o.h.engine.jdbc.spi.SqlExceptionHelper   : SQL Warning Code: 0, SQLState: 00000
2024-11-19T00:03:56.869+03:00  WARN 10920 --- [VacanciesAndResumes] [main] o.h.engine.jdbc.spi.SqlExceptionHelper   : отношение "key_skill_candidates" не существует, пропускается
2024-11-19T00:03:56.870+03:00  WARN 10920 --- [VacanciesAndResumes] [main] o.h.engine.jdbc.spi.SqlExceptionHelper   : SQL Warning Code: 0, SQLState: 00000
2024-11-19T00:03:56.871+03:00  WARN 10920 --- [VacanciesAndResumes] [main] o.h.engine.jdbc.spi.SqlExceptionHelper   : отношение "key_skill_candidates" не существует, пропускается
2024-11-19T00:03:56.872+03:00  WARN 10920 --- [VacanciesAndResumes] [main] o.h.engine.jdbc.spi.SqlExceptionHelper   : SQL Warning Code: 0, SQLState: 00000
2024-11-19T00:03:56.872+03:00  WARN 10920 --- [VacanciesAndResumes] [main] o.h.engine.jdbc.spi.SqlExceptionHelper   : отношение "specialization" не существует, пропускается
2024-11-19T00:03:56.872+03:00  WARN 10920 --- [VacanciesAndResumes] [main] o.h.engine.jdbc.spi.SqlExceptionHelper   : SQL Warning Code: 0, SQLState: 00000
2024-11-19T00:03:56.873+03:00  WARN 10920 --- [VacanciesAndResumes] [main] o.h.engine.jdbc.spi.SqlExceptionHelper   : отношение "tb_document" не существует, пропускается
2024-11-19T00:03:56.873+03:00  WARN 10920 --- [VacanciesAndResumes] [main] o.h.engine.jdbc.spi.SqlExceptionHelper   : SQL Warning Code: 0, SQLState: 00000
2024-11-19T00:03:56.873+03:00  WARN 10920 --- [VacanciesAndResumes] [main] o.h.engine.jdbc.spi.SqlExceptionHelper   : отношение "tb_language" не существует, пропускается
2024-11-19T00:03:56.874+03:00  WARN 10920 --- [VacanciesAndResumes] [main] o.h.engine.jdbc.spi.SqlExceptionHelper   : SQL Warning Code: 0, SQLState: 00000
2024-11-19T00:03:56.874+03:00  WARN 10920 --- [VacanciesAndResumes] [main] o.h.engine.jdbc.spi.SqlExceptionHelper   : отношение "vacancy" не существует, пропускается
2024-11-19T00:03:56.874+03:00  WARN 10920 --- [VacanciesAndResumes] [main] o.h.engine.jdbc.spi.SqlExceptionHelper   : SQL Warning Code: 0, SQLState: 00000
2024-11-19T00:03:56.874+03:00  WARN 10920 --- [VacanciesAndResumes] [main] o.h.engine.jdbc.spi.SqlExceptionHelper   : отношение "work_experience" не существует, пропускается
2024-11-19T00:03:56.875+03:00  WARN 10920 --- [VacanciesAndResumes] [main] o.h.engine.jdbc.spi.SqlExceptionHelper   : SQL Warning Code: 0, SQLState: 00000
2024-11-19T00:03:56.876+03:00  WARN 10920 --- [VacanciesAndResumes] [main] o.h.engine.jdbc.spi.SqlExceptionHelper   : таблица "candidate" не существует, пропускается
2024-11-19T00:03:56.877+03:00  WARN 10920 --- [VacanciesAndResumes] [main] o.h.engine.jdbc.spi.SqlExceptionHelper   : SQL Warning Code: 0, SQLState: 00000
2024-11-19T00:03:56.877+03:00  WARN 10920 --- [VacanciesAndResumes] [main] o.h.engine.jdbc.spi.SqlExceptionHelper   : таблица "certificates_qualification" не существует, пропускается
2024-11-19T00:03:56.877+03:00  WARN 10920 --- [VacanciesAndResumes] [main] o.h.engine.jdbc.spi.SqlExceptionHelper   : SQL Warning Code: 0, SQLState: 00000
2024-11-19T00:03:56.877+03:00  WARN 10920 --- [VacanciesAndResumes] [main] o.h.engine.jdbc.spi.SqlExceptionHelper   : таблица "comment_vacancy" не существует, пропускается
2024-11-19T00:03:56.878+03:00  WARN 10920 --- [VacanciesAndResumes] [main] o.h.engine.jdbc.spi.SqlExceptionHelper   : SQL Warning Code: 0, SQLState: 00000
2024-11-19T00:03:56.878+03:00  WARN 10920 --- [VacanciesAndResumes] [main] o.h.engine.jdbc.spi.SqlExceptionHelper   : таблица "contact" не существует, пропускается
2024-11-19T00:03:56.879+03:00  WARN 10920 --- [VacanciesAndResumes] [main] o.h.engine.jdbc.spi.SqlExceptionHelper   : SQL Warning Code: 0, SQLState: 00000
2024-11-19T00:03:56.879+03:00  WARN 10920 --- [VacanciesAndResumes] [main] o.h.engine.jdbc.spi.SqlExceptionHelper   : таблица "customer" не существует, пропускается
2024-11-19T00:03:56.879+03:00  WARN 10920 --- [VacanciesAndResumes] [main] o.h.engine.jdbc.spi.SqlExceptionHelper   : SQL Warning Code: 0, SQLState: 00000
2024-11-19T00:03:56.880+03:00  WARN 10920 --- [VacanciesAndResumes] [main] o.h.engine.jdbc.spi.SqlExceptionHelper   : таблица "education" не существует, пропускается
2024-11-19T00:03:56.880+03:00  WARN 10920 --- [VacanciesAndResumes] [main] o.h.engine.jdbc.spi.SqlExceptionHelper   : SQL Warning Code: 0, SQLState: 00000
2024-11-19T00:03:56.880+03:00  WARN 10920 --- [VacanciesAndResumes] [main] o.h.engine.jdbc.spi.SqlExceptionHelper   : таблица "employee" не существует, пропускается
2024-11-19T00:03:56.881+03:00  WARN 10920 --- [VacanciesAndResumes] [main] o.h.engine.jdbc.spi.SqlExceptionHelper   : SQL Warning Code: 0, SQLState: 00000
2024-11-19T00:03:56.881+03:00  WARN 10920 --- [VacanciesAndResumes] [main] o.h.engine.jdbc.spi.SqlExceptionHelper   : таблица "employment" не существует, пропускается
2024-11-19T00:03:56.881+03:00  WARN 10920 --- [VacanciesAndResumes] [main] o.h.engine.jdbc.spi.SqlExceptionHelper   : SQL Warning Code: 0, SQLState: 00000
2024-11-19T00:03:56.881+03:00  WARN 10920 --- [VacanciesAndResumes] [main] o.h.engine.jdbc.spi.SqlExceptionHelper   : таблица "employment_candidates" не существует, пропускается
2024-11-19T00:03:56.882+03:00  WARN 10920 --- [VacanciesAndResumes] [main] o.h.engine.jdbc.spi.SqlExceptionHelper   : SQL Warning Code: 0, SQLState: 00000
2024-11-19T00:03:56.882+03:00  WARN 10920 --- [VacanciesAndResumes] [main] o.h.engine.jdbc.spi.SqlExceptionHelper   : таблица "handbook" не существует, пропускается
2024-11-19T00:03:56.882+03:00  WARN 10920 --- [VacanciesAndResumes] [main] o.h.engine.jdbc.spi.SqlExceptionHelper   : SQL Warning Code: 0, SQLState: 00000
2024-11-19T00:03:56.882+03:00  WARN 10920 --- [VacanciesAndResumes] [main] o.h.engine.jdbc.spi.SqlExceptionHelper   : таблица "key_skill" не существует, пропускается
2024-11-19T00:03:56.883+03:00  WARN 10920 --- [VacanciesAndResumes] [main] o.h.engine.jdbc.spi.SqlExceptionHelper   : SQL Warning Code: 0, SQLState: 00000
2024-11-19T00:03:56.883+03:00  WARN 10920 --- [VacanciesAndResumes] [main] o.h.engine.jdbc.spi.SqlExceptionHelper   : таблица "key_skill_candidates" не существует, пропускается
2024-11-19T00:03:56.884+03:00  WARN 10920 --- [VacanciesAndResumes] [main] o.h.engine.jdbc.spi.SqlExceptionHelper   : SQL Warning Code: 0, SQLState: 00000
2024-11-19T00:03:56.884+03:00  WARN 10920 --- [VacanciesAndResumes] [main] o.h.engine.jdbc.spi.SqlExceptionHelper   : таблица "specialization" не существует, пропускается
2024-11-19T00:03:56.885+03:00  WARN 10920 --- [VacanciesAndResumes] [main] o.h.engine.jdbc.spi.SqlExceptionHelper   : SQL Warning Code: 0, SQLState: 00000
2024-11-19T00:03:56.885+03:00  WARN 10920 --- [VacanciesAndResumes] [main] o.h.engine.jdbc.spi.SqlExceptionHelper   : таблица "tb_document" не существует, пропускается
2024-11-19T00:03:56.885+03:00  WARN 10920 --- [VacanciesAndResumes] [main] o.h.engine.jdbc.spi.SqlExceptionHelper   : SQL Warning Code: 0, SQLState: 00000
2024-11-19T00:03:56.885+03:00  WARN 10920 --- [VacanciesAndResumes] [main] o.h.engine.jdbc.spi.SqlExceptionHelper   : таблица "tb_language" не существует, пропускается
2024-11-19T00:03:56.887+03:00  WARN 10920 --- [VacanciesAndResumes] [main] o.h.engine.jdbc.spi.SqlExceptionHelper   : SQL Warning Code: 0, SQLState: 00000
2024-11-19T00:03:56.887+03:00  WARN 10920 --- [VacanciesAndResumes] [main] o.h.engine.jdbc.spi.SqlExceptionHelper   : таблица "vacancy" не существует, пропускается
2024-11-19T00:03:56.888+03:00  WARN 10920 --- [VacanciesAndResumes] [main] o.h.engine.jdbc.spi.SqlExceptionHelper   : SQL Warning Code: 0, SQLState: 00000
2024-11-19T00:03:56.889+03:00  WARN 10920 --- [VacanciesAndResumes] [main] o.h.engine.jdbc.spi.SqlExceptionHelper   : таблица "work_experience" не существует, пропускается
2024-11-19T00:03:56.965+03:00  INFO 10920 --- [VacanciesAndResumes] [main] j.LocalContainerEntityManagerFactoryBean : Initialized JPA EntityManagerFactory for persistence unit 'default'
2024-11-19T00:03:57.852+03:00  WARN 10920 --- [VacanciesAndResumes] [main] JpaBaseConfiguration$JpaWebConfiguration : spring.jpa.open-in-view is enabled by default. Therefore, database queries may be performed during view rendering. Explicitly configure spring.jpa.open-in-view to disable this warning
2024-11-19T00:03:58.763+03:00  INFO 10920 --- [VacanciesAndResumes] [main] o.s.b.w.embedded.tomcat.TomcatWebServer  : Tomcat started on port 8084 (http) with context path '/'
2024-11-19T00:03:58.783+03:00  INFO 10920 --- [VacanciesAndResumes] [main] c.e.V.VacanciesAndResumesApplication     : Started VacanciesAndResumesApplication in 9.857 seconds (process running for 10.436)
2024-11-19T00:03:58.946+03:00  INFO 10920 --- [VacanciesAndResumes] [main] c.e.VacanciesAndResumes.LoadDatabase     : Preloading Employment(employmentName=Частичная занятость)
2024-11-19T00:03:58.949+03:00  INFO 10920 --- [VacanciesAndResumes] [main] c.e.VacanciesAndResumes.LoadDatabase     : Preloading Employment(employmentName=Полная занятость)
2024-11-19T00:03:58.952+03:00  INFO 10920 --- [VacanciesAndResumes] [main] c.e.VacanciesAndResumes.LoadDatabase     : Preloading KeySkill(keySkillName=Python)
2024-11-19T00:03:58.954+03:00  INFO 10920 --- [VacanciesAndResumes] [main] c.e.VacanciesAndResumes.LoadDatabase     : Preloading KeySkill(keySkillName=C++)
2024-11-19T00:03:58.959+03:00  INFO 10920 --- [VacanciesAndResumes] [main] c.e.VacanciesAndResumes.LoadDatabase     : Preloading Customer(name=ТН)
2024-11-19T00:03:58.963+03:00  INFO 10920 --- [VacanciesAndResumes] [main] c.e.VacanciesAndResumes.LoadDatabase     : Preloading Handbook(code=Resume Status, keyName=Offer, valueName=Оффер)
2024-11-19T00:03:58.971+03:00  INFO 10920 --- [VacanciesAndResumes] [main] c.e.VacanciesAndResumes.LoadDatabase     : Preloading Handbook(code=Resume Status, keyName=Screening, valueName=Скрининг)
2024-11-19T00:03:58.976+03:00  INFO 10920 --- [VacanciesAndResumes] [main] c.e.VacanciesAndResumes.LoadDatabase     : Preloading Handbook(code=Vacancy Status, keyName=true, valueName=Активная вакансия)
2024-11-19T00:03:58.978+03:00  INFO 10920 --- [VacanciesAndResumes] [main] c.e.VacanciesAndResumes.LoadDatabase     : Preloading Handbook(code=Vacancy Status, keyName=false, valueName=Вакансия в архиве)
2024-11-19T00:03:58.981+03:00  INFO 10920 --- [VacanciesAndResumes] [main] c.e.VacanciesAndResumes.LoadDatabase     : Preloading Employee(firstName=Иван, lastName=Иванов, middleName=null, email=ivan@gmail.com)
2024-11-19T00:04:12.542+03:00  INFO 10920 --- [VacanciesAndResumes] [http-nio-8084-exec-2] o.a.c.c.C.[Tomcat].[localhost].[/]       : Initializing Spring DispatcherServlet 'dispatcherServlet'
2024-11-19T00:04:12.543+03:00  INFO 10920 --- [VacanciesAndResumes] [http-nio-8084-exec-2] o.s.web.servlet.DispatcherServlet        : Initializing Servlet 'dispatcherServlet'
2024-11-19T00:04:12.544+03:00  INFO 10920 --- [VacanciesAndResumes] [http-nio-8084-exec-2] o.s.web.servlet.DispatcherServlet        : Completed initialization in 1 ms
2024-11-19T00:06:16.251+03:00  INFO 10920 --- [VacanciesAndResumes] [SpringApplicationShutdownHook] j.LocalContainerEntityManagerFactoryBean : Closing JPA EntityManagerFactory for persistence unit 'default'
2024-11-19T00:06:16.314+03:00  INFO 10920 --- [VacanciesAndResumes] [SpringApplicationShutdownHook] com.zaxxer.hikari.HikariDataSource       : HikariPool-1 - Shutdown initiated...
2024-11-19T00:06:16.321+03:00  INFO 10920 --- [VacanciesAndResumes] [SpringApplicationShutdownHook] com.zaxxer.hikari.HikariDataSource       : HikariPool-1 - Shutdown completed.
